<?xml version="1.0" encoding="UTF-8"?><testsuite errors="0" failures="1" name="Academy Choucair" skipped="0" tests="1" time="45.66" timestamp="2021-02-05 05:50:02"><testcase name="Search for a automation course"><failure message="Expected enabled element was not enabled" type="net.thucydides.core.webdriver.exceptions.ElementShouldBeEnabledException">Expected enabled element was not enabled</failure><system-err>Expected enabled element was not enabled&#13;
co.com.choucair.certificacion.pruebachoucair.tasks.JoinLocation.performAs(JoinLocation.java:32)&#13;
co.com.choucair.certificacion.pruebachoucair.stepdefinitions.ChoucairAcademyStepDefinitions.thanDeivisWantsToCompleteAFormTellingUsAboutHimAndHisLocation(ChoucairAcademyStepDefinitions.java:28)&#13;
cucumber.runner.Runner.runPickle(Runner.java:80)&#13;
</system-err></testcase></testsuite>